# JRE version: Java(TM) SE Runtime Environment (8.0_151-b12) (build 1.8.0_151-b12)
# Java VM: Java HotSpot(TM) 64-Bit Server VM (25.151-b12 mixed mode linux-amd64 compressed oops)
Heap:
 PSYoungGen      total 501248K, used 32K [0x00000000d6f00000, 0x00000000f7180000, 0x0000000100000000)
  eden space 475648K, 0% used [0x00000000d6f00000,0x00000000d6f00000,0x00000000f3f80000)
  from space 25600K, 0% used [0x00000000f3f80000,0x00000000f3f88000,0x00000000f5880000)
  to   space 24064K, 0% used [0x00000000f5a00000,0x00000000f5a00000,0x00000000f7180000)
 ParOldGen       total 126464K, used 74371K [0x0000000084c00000, 0x000000008c780000, 0x00000000d6f00000)
  object space 126464K, 58% used [0x0000000084c00000,0x00000000894a0c58,0x000000008c780000)
 Metaspace       used 50888K, capacity 52230K, committed 52608K, reserved 1095680K
  class space    used 5876K, capacity 6160K, committed 6272K, reserved 1048576K
GC Heap History (10 events):
Event: 108,966 GC heap after
Heap after GC invocations=22 (full 4):
 PSYoungGen      total 281088K, used 96K [0x00000000d6f00000, 0x00000000eb200000, 0x0000000100000000)
  eden space 276480K, 0% used [0x00000000d6f00000,0x00000000d6f00000,0x00000000e7d00000)
  from space 4608K, 2% used [0x00000000ead80000,0x00000000ead98000,0x00000000eb200000)
  to   space 27136K, 0% used [0x00000000e7d00000,0x00000000e7d00000,0x00000000e9780000)
 ParOldGen       total 126464K, used 74235K [0x0000000084c00000, 0x000000008c780000, 0x00000000d6f00000)
  object space 126464K, 58% used [0x0000000084c00000,0x000000008947ec58,0x000000008c780000)
 Metaspace       used 50888K, capacity 52230K, committed 52608K, reserved 1095680K
  class space    used 5876K, capacity 6160K, committed 6272K, reserved 1048576K
}
Event: 109,160 GC heap before
{Heap before GC invocations=23 (full 4):
 PSYoungGen      total 281088K, used 276576K [0x00000000d6f00000, 0x00000000eb200000, 0x0000000100000000)
  eden space 276480K, 100% used [0x00000000d6f00000,0x00000000e7d00000,0x00000000e7d00000)
  from space 4608K, 2% used [0x00000000ead80000,0x00000000ead98000,0x00000000eb200000)
  to   space 27136K, 0% used [0x00000000e7d00000,0x00000000e7d00000,0x00000000e9780000)
 ParOldGen       total 126464K, used 74235K [0x0000000084c00000, 0x000000008c780000, 0x00000000d6f00000)
  object space 126464K, 58% used [0x0000000084c00000,0x000000008947ec58,0x000000008c780000)
 Metaspace       used 50888K, capacity 52230K, committed 52608K, reserved 1095680K
  class space    used 5876K, capacity 6160K, committed 6272K, reserved 1048576K
Event: 109,162 GC heap after
Heap after GC invocations=23 (full 4):
 PSYoungGen      total 303616K, used 64K [0x00000000d6f00000, 0x00000000f0800000, 0x0000000100000000)
  eden space 276480K, 0% used [0x00000000d6f00000,0x00000000d6f00000,0x00000000e7d00000)
  from space 27136K, 0% used [0x00000000e7d00000,0x00000000e7d10000,0x00000000e9780000)
  to   space 27136K, 0% used [0x00000000eed80000,0x00000000eed80000,0x00000000f0800000)
 ParOldGen       total 126464K, used 74251K [0x0000000084c00000, 0x000000008c780000, 0x00000000d6f00000)
  object space 126464K, 58% used [0x0000000084c00000,0x0000000089482c58,0x000000008c780000)
 Metaspace       used 50888K, capacity 52230K, committed 52608K, reserved 1095680K
  class space    used 5876K, capacity 6160K, committed 6272K, reserved 1048576K
}
Event: 109,322 GC heap before
{Heap before GC invocations=24 (full 4):
 PSYoungGen      total 303616K, used 276544K [0x00000000d6f00000, 0x00000000f0800000, 0x0000000100000000)
  eden space 276480K, 100% used [0x00000000d6f00000,0x00000000e7d00000,0x00000000e7d00000)
  from space 27136K, 0% used [0x00000000e7d00000,0x00000000e7d10000,0x00000000e9780000)
  to   space 27136K, 0% used [0x00000000eed80000,0x00000000eed80000,0x00000000f0800000)
 ParOldGen       total 126464K, used 74251K [0x0000000084c00000, 0x000000008c780000, 0x00000000d6f00000)
  object space 126464K, 58% used [0x0000000084c00000,0x0000000089482c58,0x000000008c780000)
 Metaspace       used 50888K, capacity 52230K, committed 52608K, reserved 1095680K
  class space    used 5876K, capacity 6160K, committed 6272K, reserved 1048576K
Event: 109,327 GC heap after
Heap after GC invocations=24 (full 4):
 PSYoungGen      total 391680K, used 128K [0x00000000d6f00000, 0x00000000f0900000, 0x0000000100000000)
  eden space 364544K, 0% used [0x00000000d6f00000,0x00000000d6f00000,0x00000000ed300000)
  from space 27136K, 0% used [0x00000000eed80000,0x00000000eeda0000,0x00000000f0800000)
  to   space 27136K, 0% used [0x00000000ed300000,0x00000000ed300000,0x00000000eed80000)
 ParOldGen       total 126464K, used 74275K [0x0000000084c00000, 0x000000008c780000, 0x00000000d6f00000)
  object space 126464K, 58% used [0x0000000084c00000,0x0000000089488c58,0x000000008c780000)
 Metaspace       used 50888K, capacity 52230K, committed 52608K, reserved 1095680K
  class space    used 5876K, capacity 6160K, committed 6272K, reserved 1048576K
}
Event: 110,019 GC heap before
{Heap before GC invocations=25 (full 4):
 PSYoungGen      total 391680K, used 364672K [0x00000000d6f00000, 0x00000000f0900000, 0x0000000100000000)
  eden space 364544K, 100% used [0x00000000d6f00000,0x00000000ed300000,0x00000000ed300000)
  from space 27136K, 0% used [0x00000000eed80000,0x00000000eeda0000,0x00000000f0800000)
  to   space 27136K, 0% used [0x00000000ed300000,0x00000000ed300000,0x00000000eed80000)
 ParOldGen       total 126464K, used 74275K [0x0000000084c00000, 0x000000008c780000, 0x00000000d6f00000)
  object space 126464K, 58% used [0x0000000084c00000,0x0000000089488c58,0x000000008c780000)
 Metaspace       used 50888K, capacity 52230K, committed 52608K, reserved 1095680K
  class space    used 5876K, capacity 6160K, committed 6272K, reserved 1048576K
Event: 110,022 GC heap after
Heap after GC invocations=25 (full 4):
 PSYoungGen      total 391680K, used 64K [0x00000000d6f00000, 0x00000000f7400000, 0x0000000100000000)
  eden space 364544K, 0% used [0x00000000d6f00000,0x00000000d6f00000,0x00000000ed300000)
  from space 27136K, 0% used [0x00000000ed300000,0x00000000ed310000,0x00000000eed80000)
  to   space 26624K, 0% used [0x00000000f5a00000,0x00000000f5a00000,0x00000000f7400000)
 ParOldGen       total 126464K, used 74299K [0x0000000084c00000, 0x000000008c780000, 0x00000000d6f00000)
  object space 126464K, 58% used [0x0000000084c00000,0x000000008948ec58,0x000000008c780000)
 Metaspace       used 50888K, capacity 52230K, committed 52608K, reserved 1095680K
  class space    used 5876K, capacity 6160K, committed 6272K, reserved 1048576K
}
Event: 110,223 GC heap before
{Heap before GC invocations=26 (full 4):
 PSYoungGen      total 391680K, used 364608K [0x00000000d6f00000, 0x00000000f7400000, 0x0000000100000000)
  eden space 364544K, 100% used [0x00000000d6f00000,0x00000000ed300000,0x00000000ed300000)
  from space 27136K, 0% used [0x00000000ed300000,0x00000000ed310000,0x00000000eed80000)
  to   space 26624K, 0% used [0x00000000f5a00000,0x00000000f5a00000,0x00000000f7400000)
 ParOldGen       total 126464K, used 74299K [0x0000000084c00000, 0x000000008c780000, 0x00000000d6f00000)
  object space 126464K, 58% used [0x0000000084c00000,0x000000008948ec58,0x000000008c780000)
 Metaspace       used 50888K, capacity 52230K, committed 52608K, reserved 1095680K
  class space    used 5876K, capacity 6160K, committed 6272K, reserved 1048576K
Event: 110,226 GC heap after
Heap after GC invocations=26 (full 4):
 PSYoungGen      total 499712K, used 96K [0x00000000d6f00000, 0x00000000f7180000, 0x0000000100000000)
  eden space 475648K, 0% used [0x00000000d6f00000,0x00000000d6f00000,0x00000000f3f80000)
  from space 24064K, 0% used [0x00000000f5a00000,0x00000000f5a18000,0x00000000f7180000)
  to   space 25600K, 0% used [0x00000000f3f80000,0x00000000f3f80000,0x00000000f5880000)
 ParOldGen       total 126464K, used 74347K [0x0000000084c00000, 0x000000008c780000, 0x00000000d6f00000)
  object space 126464K, 58% used [0x0000000084c00000,0x000000008949ac58,0x000000008c780000)
 Metaspace       used 50888K, capacity 52230K, committed 52608K, reserved 1095680K
  class space    used 5876K, capacity 6160K, committed 6272K, reserved 1048576K
}
Event: 110,935 GC heap before
{Heap before GC invocations=27 (full 4):
 PSYoungGen      total 499712K, used 475744K [0x00000000d6f00000, 0x00000000f7180000, 0x0000000100000000)
  eden space 475648K, 100% used [0x00000000d6f00000,0x00000000f3f80000,0x00000000f3f80000)
  from space 24064K, 0% used [0x00000000f5a00000,0x00000000f5a18000,0x00000000f7180000)
  to   space 25600K, 0% used [0x00000000f3f80000,0x00000000f3f80000,0x00000000f5880000)
 ParOldGen       total 126464K, used 74347K [0x0000000084c00000, 0x000000008c780000, 0x00000000d6f00000)
  object space 126464K, 58% used [0x0000000084c00000,0x000000008949ac58,0x000000008c780000)
 Metaspace       used 50888K, capacity 52230K, committed 52608K, reserved 1095680K
  class space    used 5876K, capacity 6160K, committed 6272K, reserved 1048576K

